<?xml version="1.0" encoding="UTF-8"?>
<!-- Generated by org.testng.reporters.JUnitXMLReporter -->
<testsuite ignored="0" hostname="manikandan-ravi-Yoga-7-16IRL8" failures="1" tests="2" name="Testing the JetBlue search engine" time="4.392" errors="0" timestamp="2024-01-23T14:52:44 EST">
  <testcase classname="com.clover.solution.ui.test.TC001_check_myPortfoliosite_Sanity" name="TC004_check_myPortfoliosite_SanityTest" time="1.806">
    <skipped/>
  </testcase> <!-- TC004_check_myPortfoliosite_SanityTest -->
  <testcase classname="com.clover.solution.ui.test.TC001_check_myPortfoliosite_Sanity" name="TC004_check_myPortfoliosite_SanityTest" time="1.119">
    <failure type="java.lang.AssertionError" message="expected [true] but found [false]">
      <![CDATA[java.lang.AssertionError: expected [true] but found [false]
at com.clover.solution.ui.page.BasePage.assertPageContentContains(BasePage.java:396)
at com.clover.solution.ui.page.myPortfolio.checkMySite(myPortfolio.java:42)
at com.clover.solution.ui.test.TC001_check_myPortfoliosite_Sanity.TC004_check_myPortfoliosite_SanityTest(TC001_check_myPortfoliosite_Sanity.java:60)
at java.base/java.util.ArrayList.forEach(ArrayList.java:1511)
... Removed 31 stack frames]]>
    </failure>
  </testcase> <!-- TC004_check_myPortfoliosite_SanityTest -->
</testsuite> <!-- Testing the JetBlue search engine -->
