<?xml version="1.0" encoding="UTF-8"?>
<testng-results retried="2" ignored="0" total="8" passed="4" failed="2" skipped="0">
  <reporter-output>
  </reporter-output>
  <suite started-at="2024-01-23T15:22:28 EST" name="Clover Test Automation Framework Assesessment Suite" finished-at="2024-01-23T15:23:50 EST" duration-ms="81951">
    <groups>
    </groups>
    <test started-at="2024-01-23T15:22:28 EST" name="Testing the Google search engine using JSON data file as source" finished-at="2024-01-23T15:22:38 EST" duration-ms="9784">
      <class name="com.clover.solution.ui.test.TC001_check_the_search_engine_google_JSON">
        <test-method is-config="true" signature="preCondition()[pri:0, instance:com.clover.solution.ui.test.TC001_check_the_search_engine_google_JSON@45ac5f9b]" started-at="2024-01-23T15:22:29 EST" name="preCondition" finished-at="2024-01-23T15:22:29 EST" duration-ms="9" status="PASS">
          <reporter-output>
          </reporter-output>
        </test-method> <!-- preCondition -->
        <test-method signature="TC001_check_the_search_engine_google_JSON(java.lang.reflect.Method)[pri:0, instance:com.clover.solution.ui.test.TC001_check_the_search_engine_google_JSON@45ac5f9b]" started-at="2024-01-23T15:22:29 EST" name="TC001_check_the_search_engine_google_JSON" description="TC001 check the search engine Google - using JSON" finished-at="2024-01-23T15:22:38 EST" duration-ms="8828" status="PASS">
          <params>
            <param index="0">
              <value>
                <![CDATA[public void com.clover.solution.ui.test.TC001_check_the_search_engine_google_JSON.TC001_check_the_search_engine_google_JSON(java.lang.reflect.Method)]]>
              </value>
            </param>
          </params>
          <reporter-output>
          </reporter-output>
        </test-method> <!-- TC001_check_the_search_engine_google_JSON -->
        <test-method is-config="true" signature="postCondition()[pri:0, instance:com.clover.solution.ui.test.TC001_check_the_search_engine_google_JSON@45ac5f9b]" started-at="2024-01-23T15:22:38 EST" name="postCondition" finished-at="2024-01-23T15:22:38 EST" duration-ms="22" status="PASS">
          <reporter-output>
          </reporter-output>
        </test-method> <!-- postCondition -->
      </class> <!-- com.clover.solution.ui.test.TC001_check_the_search_engine_google_JSON -->
    </test> <!-- Testing the Google search engine using JSON data file as source -->
    <test started-at="2024-01-23T15:22:38 EST" name="Testing the Google search engine using direct data by calling detailed method in page class" finished-at="2024-01-23T15:22:43 EST" duration-ms="5078">
      <class name="com.clover.solution.ui.test.TC002_check_the_search_engine_Google_Normal">
        <test-method is-config="true" signature="preCondition()[pri:0, instance:com.clover.solution.ui.test.TC002_check_the_search_engine_Google_Normal@5be49b60]" started-at="2024-01-23T15:22:38 EST" name="preCondition" finished-at="2024-01-23T15:22:38 EST" duration-ms="1" status="PASS">
          <reporter-output>
          </reporter-output>
        </test-method> <!-- preCondition -->
        <test-method signature="TC002_check_the_search_engine_Google_Normal1(java.lang.reflect.Method)[pri:0, instance:com.clover.solution.ui.test.TC002_check_the_search_engine_Google_Normal@5be49b60]" started-at="2024-01-23T15:22:38 EST" name="TC002_check_the_search_engine_Google_Normal1" description="TC002 check the search engine Google - Normal" finished-at="2024-01-23T15:22:41 EST" duration-ms="2519" status="PASS">
          <params>
            <param index="0">
              <value>
                <![CDATA[public void com.clover.solution.ui.test.TC002_check_the_search_engine_Google_Normal.TC002_check_the_search_engine_Google_Normal1(java.lang.reflect.Method)]]>
              </value>
            </param>
          </params>
          <reporter-output>
          </reporter-output>
        </test-method> <!-- TC002_check_the_search_engine_Google_Normal1 -->
        <test-method is-config="true" signature="postCondition()[pri:0, instance:com.clover.solution.ui.test.TC002_check_the_search_engine_Google_Normal@5be49b60]" started-at="2024-01-23T15:22:41 EST" name="postCondition" finished-at="2024-01-23T15:22:41 EST" duration-ms="33" status="PASS">
          <reporter-output>
          </reporter-output>
        </test-method> <!-- postCondition -->
        <test-method is-config="true" signature="preCondition()[pri:0, instance:com.clover.solution.ui.test.TC002_check_the_search_engine_Google_Normal@5be49b60]" started-at="2024-01-23T15:22:41 EST" name="preCondition" finished-at="2024-01-23T15:22:41 EST" duration-ms="3" status="PASS">
          <reporter-output>
          </reporter-output>
        </test-method> <!-- preCondition -->
        <test-method signature="TC003_check_the_search_engine_Google_type2(java.lang.reflect.Method)[pri:1, instance:com.clover.solution.ui.test.TC002_check_the_search_engine_Google_Normal@5be49b60]" started-at="2024-01-23T15:22:41 EST" name="TC003_check_the_search_engine_Google_type2" description="TC003 check the search engine Google - type 2" finished-at="2024-01-23T15:22:43 EST" duration-ms="2490" status="PASS">
          <params>
            <param index="0">
              <value>
                <![CDATA[public void com.clover.solution.ui.test.TC002_check_the_search_engine_Google_Normal.TC003_check_the_search_engine_Google_type2(java.lang.reflect.Method)]]>
              </value>
            </param>
          </params>
          <reporter-output>
          </reporter-output>
        </test-method> <!-- TC003_check_the_search_engine_Google_type2 -->
        <test-method is-config="true" signature="postCondition()[pri:0, instance:com.clover.solution.ui.test.TC002_check_the_search_engine_Google_Normal@5be49b60]" started-at="2024-01-23T15:22:43 EST" name="postCondition" finished-at="2024-01-23T15:22:43 EST" duration-ms="27" status="PASS">
          <reporter-output>
          </reporter-output>
        </test-method> <!-- postCondition -->
      </class> <!-- com.clover.solution.ui.test.TC002_check_the_search_engine_Google_Normal -->
    </test> <!-- Testing the Google search engine using direct data by calling detailed method in page class -->
    <test started-at="2024-01-23T15:22:43 EST" name="Testing the Google search engine using the declared method in page class from test" finished-at="2024-01-23T15:22:45 EST" duration-ms="2403">
      <class name="com.clover.solution.ui.test.TC003_check_the_search_engine_Google_type2">
        <test-method is-config="true" signature="preCondition()[pri:0, instance:com.clover.solution.ui.test.TC003_check_the_search_engine_Google_type2@5026735c]" started-at="2024-01-23T15:22:43 EST" name="preCondition" finished-at="2024-01-23T15:22:43 EST" duration-ms="1" status="PASS">
          <reporter-output>
          </reporter-output>
        </test-method> <!-- preCondition -->
        <test-method signature="TC003_check_the_search_engine_Google_type(java.lang.reflect.Method)[pri:0, instance:com.clover.solution.ui.test.TC003_check_the_search_engine_Google_type2@5026735c]" started-at="2024-01-23T15:22:43 EST" name="TC003_check_the_search_engine_Google_type" description="TC003 check the search engine Google - type 2" finished-at="2024-01-23T15:22:45 EST" duration-ms="2379" status="PASS">
          <params>
            <param index="0">
              <value>
                <![CDATA[public void com.clover.solution.ui.test.TC003_check_the_search_engine_Google_type2.TC003_check_the_search_engine_Google_type(java.lang.reflect.Method)]]>
              </value>
            </param>
          </params>
          <reporter-output>
          </reporter-output>
        </test-method> <!-- TC003_check_the_search_engine_Google_type -->
        <test-method is-config="true" signature="postCondition()[pri:0, instance:com.clover.solution.ui.test.TC003_check_the_search_engine_Google_type2@5026735c]" started-at="2024-01-23T15:22:45 EST" name="postCondition" finished-at="2024-01-23T15:22:45 EST" duration-ms="20" status="PASS">
          <reporter-output>
          </reporter-output>
        </test-method> <!-- postCondition -->
      </class> <!-- com.clover.solution.ui.test.TC003_check_the_search_engine_Google_type2 -->
    </test> <!-- Testing the Google search engine using the declared method in page class from test -->
    <test started-at="2024-01-23T15:22:45 EST" name="Testing the clover site login, validate and navigating to pricing page and valdiate" finished-at="2024-01-23T15:23:50 EST" duration-ms="64427">
      <class name="com.clover.solution.ui.test.TC004_check_the_Clover_Site">
        <test-method is-config="true" signature="preCondition()[pri:0, instance:com.clover.solution.ui.test.TC004_check_the_Clover_Site@6bf08014]" started-at="2024-01-23T15:22:45 EST" name="preCondition" finished-at="2024-01-23T15:22:46 EST" duration-ms="1" status="PASS">
          <reporter-output>
          </reporter-output>
        </test-method> <!-- preCondition -->
        <test-method retried="true" signature="TC004_check_the_Clover_Site_JSON(java.lang.reflect.Method)[pri:0, instance:com.clover.solution.ui.test.TC004_check_the_Clover_Site@6bf08014]" started-at="2024-01-23T15:22:46 EST" name="TC004_check_the_Clover_Site_JSON" description="TC004 check the clover Site using JSON" finished-at="2024-01-23T15:23:18 EST" duration-ms="32350" status="SKIP">
          <params>
            <param index="0">
              <value>
                <![CDATA[public void com.clover.solution.ui.test.TC004_check_the_Clover_Site.TC004_check_the_Clover_Site_JSON(java.lang.reflect.Method)]]>
              </value>
            </param>
          </params>
          <exception class="java.lang.NullPointerException">
            <message>
              <![CDATA[Cannot invoke "java.lang.CharSequence.toString()" because "s" is null]]>
            </message>
            <full-stacktrace>
              <![CDATA[java.lang.NullPointerException: Cannot invoke "java.lang.CharSequence.toString()" because "s" is null
at java.base/java.lang.String.contains(String.java:2856)
at com.clover.solution.ui.page.BasePage.assertPageTitleContains(BasePage.java:373)
at com.clover.solution.ui.page.CloverPage.cloverSiteCheck(CloverPage.java:41)
at com.clover.solution.ui.test.TC004_check_the_Clover_Site.TC004_check_the_Clover_Site_JSON(TC004_check_the_Clover_Site.java:59)
at java.base/jdk.internal.reflect.NativeMethodAccessorImpl.invoke0(Native Method)
at java.base/jdk.internal.reflect.NativeMethodAccessorImpl.invoke(NativeMethodAccessorImpl.java:77)
at java.base/jdk.internal.reflect.DelegatingMethodAccessorImpl.invoke(DelegatingMethodAccessorImpl.java:43)
at java.base/java.lang.reflect.Method.invoke(Method.java:568)
at org.testng.internal.invokers.MethodInvocationHelper.invokeMethod(MethodInvocationHelper.java:139)
at org.testng.internal.invokers.TestInvoker.invokeMethod(TestInvoker.java:677)
at org.testng.internal.invokers.TestInvoker.invokeTestMethod(TestInvoker.java:221)
at org.testng.internal.invokers.MethodRunner.runInSequence(MethodRunner.java:50)
at org.testng.internal.invokers.TestInvoker$MethodInvocationAgent.invoke(TestInvoker.java:969)
at org.testng.internal.invokers.TestInvoker.invokeTestMethods(TestInvoker.java:194)
at org.testng.internal.invokers.TestMethodWorker.invokeTestMethods(TestMethodWorker.java:148)
at org.testng.internal.invokers.TestMethodWorker.run(TestMethodWorker.java:128)
at java.base/java.util.ArrayList.forEach(ArrayList.java:1511)
at org.testng.TestRunner.privateRun(TestRunner.java:829)
at org.testng.TestRunner.run(TestRunner.java:602)
at org.testng.SuiteRunner.runTest(SuiteRunner.java:437)
at org.testng.SuiteRunner.runSequentially(SuiteRunner.java:431)
at org.testng.SuiteRunner.privateRun(SuiteRunner.java:391)
at org.testng.SuiteRunner.run(SuiteRunner.java:330)
at org.testng.SuiteRunnerWorker.runSuite(SuiteRunnerWorker.java:52)
at org.testng.SuiteRunnerWorker.run(SuiteRunnerWorker.java:95)
at org.testng.TestNG.runSuitesSequentially(TestNG.java:1256)
at org.testng.TestNG.runSuitesLocally(TestNG.java:1176)
at org.testng.TestNG.runSuites(TestNG.java:1099)
at org.testng.TestNG.run(TestNG.java:1067)
at org.testng.remote.AbstractRemoteTestNG.run(AbstractRemoteTestNG.java:115)
at org.testng.remote.RemoteTestNG.initAndRun(RemoteTestNG.java:251)
at org.testng.remote.RemoteTestNG.main(RemoteTestNG.java:77)
]]>
            </full-stacktrace>
          </exception> <!-- java.lang.NullPointerException -->
          <reporter-output>
          </reporter-output>
        </test-method> <!-- TC004_check_the_Clover_Site_JSON -->
        <test-method is-config="true" signature="postCondition()[pri:0, instance:com.clover.solution.ui.test.TC004_check_the_Clover_Site@6bf08014]" started-at="2024-01-23T15:23:18 EST" name="postCondition" finished-at="2024-01-23T15:23:18 EST" duration-ms="8" status="PASS">
          <reporter-output>
          </reporter-output>
        </test-method> <!-- postCondition -->
        <test-method is-config="true" signature="preCondition()[pri:0, instance:com.clover.solution.ui.test.TC004_check_the_Clover_Site@6bf08014]" started-at="2024-01-23T15:23:18 EST" name="preCondition" finished-at="2024-01-23T15:23:18 EST" duration-ms="1" status="PASS">
          <reporter-output>
          </reporter-output>
        </test-method> <!-- preCondition -->
        <test-method signature="TC004_check_the_Clover_Site_JSON(java.lang.reflect.Method)[pri:0, instance:com.clover.solution.ui.test.TC004_check_the_Clover_Site@6bf08014]" started-at="2024-01-23T15:23:18 EST" name="TC004_check_the_Clover_Site_JSON" description="TC004 check the clover Site using JSON" finished-at="2024-01-23T15:23:50 EST" duration-ms="31834" status="FAIL">
          <params>
            <param index="0">
              <value>
                <![CDATA[public void com.clover.solution.ui.test.TC004_check_the_Clover_Site.TC004_check_the_Clover_Site_JSON(java.lang.reflect.Method)]]>
              </value>
            </param>
          </params>
          <exception class="java.lang.NullPointerException">
            <message>
              <![CDATA[Cannot invoke "java.lang.CharSequence.toString()" because "s" is null]]>
            </message>
            <full-stacktrace>
              <![CDATA[java.lang.NullPointerException: Cannot invoke "java.lang.CharSequence.toString()" because "s" is null
at java.base/java.lang.String.contains(String.java:2856)
at com.clover.solution.ui.page.BasePage.assertPageTitleContains(BasePage.java:373)
at com.clover.solution.ui.page.CloverPage.cloverSiteCheck(CloverPage.java:41)
at com.clover.solution.ui.test.TC004_check_the_Clover_Site.TC004_check_the_Clover_Site_JSON(TC004_check_the_Clover_Site.java:59)
at java.base/jdk.internal.reflect.NativeMethodAccessorImpl.invoke0(Native Method)
at java.base/jdk.internal.reflect.NativeMethodAccessorImpl.invoke(NativeMethodAccessorImpl.java:77)
at java.base/jdk.internal.reflect.DelegatingMethodAccessorImpl.invoke(DelegatingMethodAccessorImpl.java:43)
at java.base/java.lang.reflect.Method.invoke(Method.java:568)
at org.testng.internal.invokers.MethodInvocationHelper.invokeMethod(MethodInvocationHelper.java:139)
at org.testng.internal.invokers.TestInvoker.invokeMethod(TestInvoker.java:677)
at org.testng.internal.invokers.TestInvoker.retryFailed(TestInvoker.java:263)
at org.testng.internal.invokers.MethodRunner.runInSequence(MethodRunner.java:62)
at org.testng.internal.invokers.TestInvoker$MethodInvocationAgent.invoke(TestInvoker.java:969)
at org.testng.internal.invokers.TestInvoker.invokeTestMethods(TestInvoker.java:194)
at org.testng.internal.invokers.TestMethodWorker.invokeTestMethods(TestMethodWorker.java:148)
at org.testng.internal.invokers.TestMethodWorker.run(TestMethodWorker.java:128)
at java.base/java.util.ArrayList.forEach(ArrayList.java:1511)
at org.testng.TestRunner.privateRun(TestRunner.java:829)
at org.testng.TestRunner.run(TestRunner.java:602)
at org.testng.SuiteRunner.runTest(SuiteRunner.java:437)
at org.testng.SuiteRunner.runSequentially(SuiteRunner.java:431)
at org.testng.SuiteRunner.privateRun(SuiteRunner.java:391)
at org.testng.SuiteRunner.run(SuiteRunner.java:330)
at org.testng.SuiteRunnerWorker.runSuite(SuiteRunnerWorker.java:52)
at org.testng.SuiteRunnerWorker.run(SuiteRunnerWorker.java:95)
at org.testng.TestNG.runSuitesSequentially(TestNG.java:1256)
at org.testng.TestNG.runSuitesLocally(TestNG.java:1176)
at org.testng.TestNG.runSuites(TestNG.java:1099)
at org.testng.TestNG.run(TestNG.java:1067)
at org.testng.remote.AbstractRemoteTestNG.run(AbstractRemoteTestNG.java:115)
at org.testng.remote.RemoteTestNG.initAndRun(RemoteTestNG.java:251)
at org.testng.remote.RemoteTestNG.main(RemoteTestNG.java:77)
]]>
            </full-stacktrace>
          </exception> <!-- java.lang.NullPointerException -->
          <reporter-output>
          </reporter-output>
        </test-method> <!-- TC004_check_the_Clover_Site_JSON -->
        <test-method is-config="true" signature="postCondition()[pri:0, instance:com.clover.solution.ui.test.TC004_check_the_Clover_Site@6bf08014]" started-at="2024-01-23T15:23:50 EST" name="postCondition" finished-at="2024-01-23T15:23:50 EST" duration-ms="8" status="PASS">
          <reporter-output>
          </reporter-output>
        </test-method> <!-- postCondition -->
      </class> <!-- com.clover.solution.ui.test.TC004_check_the_Clover_Site -->
    </test> <!-- Testing the clover site login, validate and navigating to pricing page and valdiate -->
    <test started-at="2024-01-23T15:23:50 EST" name="Testing the Bing search engine using Excel data file as source" finished-at="2024-01-23T15:23:50 EST" duration-ms="232">
      <class name="com.clover.solution.ui.test.TC004_check_the_search_engine_bing_exceldata">
        <test-method is-config="true" signature="preCondition()[pri:0, instance:com.clover.solution.ui.test.TC004_check_the_search_engine_bing_exceldata@18e36d14]" started-at="2024-01-23T15:23:50 EST" name="preCondition" finished-at="2024-01-23T15:23:50 EST" duration-ms="1" status="PASS">
          <reporter-output>
          </reporter-output>
        </test-method> <!-- preCondition -->
        <test-method retried="true" signature="TC004_check_the_search_engine_bing_excel(java.lang.reflect.Method)[pri:0, instance:com.clover.solution.ui.test.TC004_check_the_search_engine_bing_exceldata@18e36d14]" started-at="2024-01-23T15:23:50 EST" name="TC004_check_the_search_engine_bing_excel" description="TC004 check the search engine Bing - using excel data" finished-at="2024-01-23T15:23:50 EST" duration-ms="10" status="SKIP">
          <params>
            <param index="0">
              <value>
                <![CDATA[public void com.clover.solution.ui.test.TC004_check_the_search_engine_bing_exceldata.TC004_check_the_search_engine_bing_excel(java.lang.reflect.Method)]]>
              </value>
            </param>
          </params>
          <exception class="java.lang.NoClassDefFoundError">
            <message>
              <![CDATA[org/apache/commons/io/output/UnsynchronizedByteArrayOutputStream]]>
            </message>
            <full-stacktrace>
              <![CDATA[java.lang.NoClassDefFoundError: org/apache/commons/io/output/UnsynchronizedByteArrayOutputStream
at com.clover.solution.ui.reader.excelReader.ExcelDataReader(excelReader.java:55)
at com.clover.solution.ui.reader.excelReader.getExcelData(excelReader.java:40)
at com.clover.solution.ui.test.BaseTest.excelFileReader(BaseTest.java:84)
at com.clover.solution.ui.test.TC004_check_the_search_engine_bing_exceldata.TC004_check_the_search_engine_bing_excel(TC004_check_the_search_engine_bing_exceldata.java:50)
at java.base/jdk.internal.reflect.NativeMethodAccessorImpl.invoke0(Native Method)
at java.base/jdk.internal.reflect.NativeMethodAccessorImpl.invoke(NativeMethodAccessorImpl.java:77)
at java.base/jdk.internal.reflect.DelegatingMethodAccessorImpl.invoke(DelegatingMethodAccessorImpl.java:43)
at java.base/java.lang.reflect.Method.invoke(Method.java:568)
at org.testng.internal.invokers.MethodInvocationHelper.invokeMethod(MethodInvocationHelper.java:139)
at org.testng.internal.invokers.TestInvoker.invokeMethod(TestInvoker.java:677)
at org.testng.internal.invokers.TestInvoker.invokeTestMethod(TestInvoker.java:221)
at org.testng.internal.invokers.MethodRunner.runInSequence(MethodRunner.java:50)
at org.testng.internal.invokers.TestInvoker$MethodInvocationAgent.invoke(TestInvoker.java:969)
at org.testng.internal.invokers.TestInvoker.invokeTestMethods(TestInvoker.java:194)
at org.testng.internal.invokers.TestMethodWorker.invokeTestMethods(TestMethodWorker.java:148)
at org.testng.internal.invokers.TestMethodWorker.run(TestMethodWorker.java:128)
at java.base/java.util.ArrayList.forEach(ArrayList.java:1511)
at org.testng.TestRunner.privateRun(TestRunner.java:829)
at org.testng.TestRunner.run(TestRunner.java:602)
at org.testng.SuiteRunner.runTest(SuiteRunner.java:437)
at org.testng.SuiteRunner.runSequentially(SuiteRunner.java:431)
at org.testng.SuiteRunner.privateRun(SuiteRunner.java:391)
at org.testng.SuiteRunner.run(SuiteRunner.java:330)
at org.testng.SuiteRunnerWorker.runSuite(SuiteRunnerWorker.java:52)
at org.testng.SuiteRunnerWorker.run(SuiteRunnerWorker.java:95)
at org.testng.TestNG.runSuitesSequentially(TestNG.java:1256)
at org.testng.TestNG.runSuitesLocally(TestNG.java:1176)
at org.testng.TestNG.runSuites(TestNG.java:1099)
at org.testng.TestNG.run(TestNG.java:1067)
at org.testng.remote.AbstractRemoteTestNG.run(AbstractRemoteTestNG.java:115)
at org.testng.remote.RemoteTestNG.initAndRun(RemoteTestNG.java:251)
at org.testng.remote.RemoteTestNG.main(RemoteTestNG.java:77)
Caused by: java.lang.ClassNotFoundException: org.apache.commons.io.output.UnsynchronizedByteArrayOutputStream
at java.base/jdk.internal.loader.BuiltinClassLoader.loadClass(BuiltinClassLoader.java:641)
at java.base/jdk.internal.loader.ClassLoaders$AppClassLoader.loadClass(ClassLoaders.java:188)
at java.base/java.lang.ClassLoader.loadClass(ClassLoader.java:525)
... 32 more
]]>
            </full-stacktrace>
          </exception> <!-- java.lang.NoClassDefFoundError -->
          <reporter-output>
          </reporter-output>
        </test-method> <!-- TC004_check_the_search_engine_bing_excel -->
        <test-method is-config="true" signature="postCondition()[pri:0, instance:com.clover.solution.ui.test.TC004_check_the_search_engine_bing_exceldata@18e36d14]" started-at="2024-01-23T15:23:50 EST" name="postCondition" finished-at="2024-01-23T15:23:50 EST" duration-ms="9" status="PASS">
          <reporter-output>
          </reporter-output>
        </test-method> <!-- postCondition -->
        <test-method is-config="true" signature="preCondition()[pri:0, instance:com.clover.solution.ui.test.TC004_check_the_search_engine_bing_exceldata@18e36d14]" started-at="2024-01-23T15:23:50 EST" name="preCondition" finished-at="2024-01-23T15:23:50 EST" duration-ms="1" status="PASS">
          <reporter-output>
          </reporter-output>
        </test-method> <!-- preCondition -->
        <test-method signature="TC004_check_the_search_engine_bing_excel(java.lang.reflect.Method)[pri:0, instance:com.clover.solution.ui.test.TC004_check_the_search_engine_bing_exceldata@18e36d14]" started-at="2024-01-23T15:23:50 EST" name="TC004_check_the_search_engine_bing_excel" description="TC004 check the search engine Bing - using excel data" finished-at="2024-01-23T15:23:50 EST" duration-ms="2" status="FAIL">
          <params>
            <param index="0">
              <value>
                <![CDATA[public void com.clover.solution.ui.test.TC004_check_the_search_engine_bing_exceldata.TC004_check_the_search_engine_bing_excel(java.lang.reflect.Method)]]>
              </value>
            </param>
          </params>
          <exception class="java.lang.NoClassDefFoundError">
            <message>
              <![CDATA[org/apache/commons/io/output/UnsynchronizedByteArrayOutputStream]]>
            </message>
            <full-stacktrace>
              <![CDATA[java.lang.NoClassDefFoundError: org/apache/commons/io/output/UnsynchronizedByteArrayOutputStream
at com.clover.solution.ui.reader.excelReader.ExcelDataReader(excelReader.java:55)
at com.clover.solution.ui.reader.excelReader.getExcelData(excelReader.java:40)
at com.clover.solution.ui.test.BaseTest.excelFileReader(BaseTest.java:84)
at com.clover.solution.ui.test.TC004_check_the_search_engine_bing_exceldata.TC004_check_the_search_engine_bing_excel(TC004_check_the_search_engine_bing_exceldata.java:50)
at java.base/jdk.internal.reflect.NativeMethodAccessorImpl.invoke0(Native Method)
at java.base/jdk.internal.reflect.NativeMethodAccessorImpl.invoke(NativeMethodAccessorImpl.java:77)
at java.base/jdk.internal.reflect.DelegatingMethodAccessorImpl.invoke(DelegatingMethodAccessorImpl.java:43)
at java.base/java.lang.reflect.Method.invoke(Method.java:568)
at org.testng.internal.invokers.MethodInvocationHelper.invokeMethod(MethodInvocationHelper.java:139)
at org.testng.internal.invokers.TestInvoker.invokeMethod(TestInvoker.java:677)
at org.testng.internal.invokers.TestInvoker.retryFailed(TestInvoker.java:263)
at org.testng.internal.invokers.MethodRunner.runInSequence(MethodRunner.java:62)
at org.testng.internal.invokers.TestInvoker$MethodInvocationAgent.invoke(TestInvoker.java:969)
at org.testng.internal.invokers.TestInvoker.invokeTestMethods(TestInvoker.java:194)
at org.testng.internal.invokers.TestMethodWorker.invokeTestMethods(TestMethodWorker.java:148)
at org.testng.internal.invokers.TestMethodWorker.run(TestMethodWorker.java:128)
at java.base/java.util.ArrayList.forEach(ArrayList.java:1511)
at org.testng.TestRunner.privateRun(TestRunner.java:829)
at org.testng.TestRunner.run(TestRunner.java:602)
at org.testng.SuiteRunner.runTest(SuiteRunner.java:437)
at org.testng.SuiteRunner.runSequentially(SuiteRunner.java:431)
at org.testng.SuiteRunner.privateRun(SuiteRunner.java:391)
at org.testng.SuiteRunner.run(SuiteRunner.java:330)
at org.testng.SuiteRunnerWorker.runSuite(SuiteRunnerWorker.java:52)
at org.testng.SuiteRunnerWorker.run(SuiteRunnerWorker.java:95)
at org.testng.TestNG.runSuitesSequentially(TestNG.java:1256)
at org.testng.TestNG.runSuitesLocally(TestNG.java:1176)
at org.testng.TestNG.runSuites(TestNG.java:1099)
at org.testng.TestNG.run(TestNG.java:1067)
at org.testng.remote.AbstractRemoteTestNG.run(AbstractRemoteTestNG.java:115)
at org.testng.remote.RemoteTestNG.initAndRun(RemoteTestNG.java:251)
at org.testng.remote.RemoteTestNG.main(RemoteTestNG.java:77)
Caused by: java.lang.ClassNotFoundException: org.apache.commons.io.output.UnsynchronizedByteArrayOutputStream
at java.base/jdk.internal.loader.BuiltinClassLoader.loadClass(BuiltinClassLoader.java:641)
at java.base/jdk.internal.loader.ClassLoaders$AppClassLoader.loadClass(ClassLoaders.java:188)
at java.base/java.lang.ClassLoader.loadClass(ClassLoader.java:525)
... 32 more
]]>
            </full-stacktrace>
          </exception> <!-- java.lang.NoClassDefFoundError -->
          <reporter-output>
          </reporter-output>
        </test-method> <!-- TC004_check_the_search_engine_bing_excel -->
        <test-method is-config="true" signature="postCondition()[pri:0, instance:com.clover.solution.ui.test.TC004_check_the_search_engine_bing_exceldata@18e36d14]" started-at="2024-01-23T15:23:50 EST" name="postCondition" finished-at="2024-01-23T15:23:50 EST" duration-ms="7" status="PASS">
          <reporter-output>
          </reporter-output>
        </test-method> <!-- postCondition -->
        <test-method is-config="true" signature="cooldown()[pri:0, instance:com.clover.solution.ui.test.TC004_check_the_search_engine_bing_exceldata@18e36d14]" started-at="2024-01-23T15:23:50 EST" name="cooldown" finished-at="2024-01-23T15:23:50 EST" duration-ms="303" status="PASS">
          <reporter-output>
          </reporter-output>
        </test-method> <!-- cooldown -->
      </class> <!-- com.clover.solution.ui.test.TC004_check_the_search_engine_bing_exceldata -->
    </test> <!-- Testing the Bing search engine using Excel data file as source -->
  </suite> <!-- Clover Test Automation Framework Assesessment Suite -->
</testng-results>
